<?xml version="1.0" encoding="UTF-8"?>
<!-- Generated by org.testng.reporters.JUnitReportReporter -->
<testsuite hostname="Varas-MacBook-Air.local" failures="1" tests="1" name="runners.TestNGTestRunner" time="80.610" errors="0" timestamp="2025-08-01T06:34:12 IST" skipped="0">
  <testcase classname="runners.TestNGTestRunner" name="runScenario" time="80.610">
    <failure message="expected [true] but found [false]" type="java.lang.AssertionError">
      <![CDATA[java.lang.AssertionError: expected [true] but found [false]
at org.testng.Assert.fail(Assert.java:111)
at org.testng.Assert.failNotEquals(Assert.java:1578)
at org.testng.Assert.assertTrue(Assert.java:57)
at org.testng.Assert.assertTrue(Assert.java:67)
at automationExercisesStepDefinitions.ReadJson.compareJsonFiles(ReadJson.java:16)
at âœ½.compare source and destination json(file:///Users/vara/eclipse-workspace/CucumberProject/src/test/java/automationExercise/ReadJson.feature:5)
]]>
    </failure>
  </testcase> <!-- runScenario -->
</testsuite> <!-- runners.TestNGTestRunner -->
